<?xml version="1.0" encoding="UTF-8"?>
<testsuite name="com.moodanalysertest.MoodAnalyserTests" tests="1" skipped="0" failures="0" errors="0" timestamp="2019-11-27T11:43:06" hostname="admin165-desktop" time="0.002">
  <properties/>
  <testcase name="givenHappyMessage_WithReflection_ShouldReturnHappy" classname="com.moodanalysertest.MoodAnalyserTests" time="0.002"/>
  <system-out><![CDATA[]]></system-out>
  <system-err><![CDATA[]]></system-err>
</testsuite>
