<?xml version="1.0" encoding="UTF-8"?>
<testsuite name="com.moodanalysertest.MoodAnalyserTests" tests="2" skipped="0" failures="0" errors="0" timestamp="2019-11-26T06:00:53" hostname="admin165-desktop" time="0.002">
  <properties/>
  <testcase name="givenMesage_WhenSad_ShouldReturnSad" classname="com.moodanalysertest.MoodAnalyserTests" time="0.001"/>
  <testcase name="givenMesage_WhenHappy_ShouldReturnHappy" classname="com.moodanalysertest.MoodAnalyserTests" time="0.0"/>
  <system-out><![CDATA[]]></system-out>
  <system-err><![CDATA[]]></system-err>
</testsuite>
