<?xml version="1.0" encoding="UTF-8"?>
<testsuite name="com.moodanalysertest.MoodAnalyserTests" tests="1" skipped="0" failures="0" errors="0" timestamp="2019-11-26T11:42:40" hostname="admin165-desktop" time="0.003">
  <properties/>
  <testcase name="givenMoodAnalyserMethodNotFound_WhenNotFound_ShouldReturnExceptionType" classname="com.moodanalysertest.MoodAnalyserTests" time="0.003"/>
  <system-out><![CDATA[]]></system-out>
  <system-err><![CDATA[]]></system-err>
</testsuite>
