<?xml version="1.0" encoding="UTF-8"?>
<testsuite name="com.moodanalysertest.MoodAnalyserTests" tests="1" skipped="0" failures="0" errors="0" timestamp="2019-11-26T11:27:21" hostname="admin165-desktop" time="0.001">
  <properties/>
  <testcase name="givenMoodAnalyserClassNotFound_WhenProper_ShouldReturnequlas" classname="com.moodanalysertest.MoodAnalyserTests" time="0.001"/>
  <system-out><![CDATA[]]></system-out>
  <system-err><![CDATA[]]></system-err>
</testsuite>
